{"D:\\Учеба\\FullStack\\nodejs\\практика\\nodeSNull\\dashboardApi\\src\\app.ts": {"path":"D:\\Учеба\\FullStack\\nodejs\\практика\\nodeSNull\\dashboardApi\\src\\app.ts","statementMap":{"0":{"start":{"line":1,"column":0},"end":{"line":1,"column":43}},"1":{"start":{"line":3,"column":0},"end":{"line":3,"column":47}},"2":{"start":{"line":4,"column":0},"end":{"line":4,"column":60}},"3":{"start":{"line":6,"column":0},"end":{"line":6,"column":32}},"4":{"start":{"line":7,"column":0},"end":{"line":7,"column":58}},"5":{"start":{"line":8,"column":0},"end":{"line":8,"column":35}},"6":{"start":{"line":9,"column":0},"end":{"line":9,"column":26}},"7":{"start":{"line":10,"column":0},"end":{"line":10,"column":58}},"8":{"start":{"line":11,"column":0},"end":{"line":11,"column":58}},"9":{"start":{"line":12,"column":0},"end":{"line":12,"column":56}},"10":{"start":{"line":15,"column":7},"end":{"line":57,"column":null}},"11":{"start":{"line":21,"column":33},"end":{"line":21,"column":48}},"12":{"start":{"line":22,"column":41},"end":{"line":22,"column":57}},"13":{"start":{"line":23,"column":41},"end":{"line":23,"column":58}},"14":{"start":{"line":24,"column":39},"end":{"line":24,"column":54}},"15":{"start":{"line":25,"column":39},"end":{"line":25,"column":54}},"16":{"start":{"line":27,"column":2},"end":{"line":27,"column":23}},"17":{"start":{"line":28,"column":2},"end":{"line":28,"column":19}},"18":{"start":{"line":32,"column":2},"end":{"line":32,"column":23}},"19":{"start":{"line":33,"column":25},"end":{"line":33,"column":77}},"20":{"start":{"line":34,"column":2},"end":{"line":34,"column":60}},"21":{"start":{"line":38,"column":2},"end":{"line":38,"column":53}},"22":{"start":{"line":42,"column":2},"end":{"line":42,"column":70}},"23":{"start":{"line":46,"column":2},"end":{"line":46,"column":23}},"24":{"start":{"line":47,"column":2},"end":{"line":47,"column":19}},"25":{"start":{"line":48,"column":2},"end":{"line":48,"column":29}},"26":{"start":{"line":49,"column":2},"end":{"line":49,"column":37}},"27":{"start":{"line":50,"column":2},"end":{"line":50,"column":43}},"28":{"start":{"line":51,"column":2},"end":{"line":51,"column":69}},"29":{"start":{"line":55,"column":2},"end":{"line":55,"column":22}},"30":{"start":{"line":15,"column":13},"end":{"line":57,"column":null}},"31":{"start":{"line":15,"column":13},"end":{"line":15,"column":16}}},"fnMap":{"0":{"name":"(anonymous_12)","decl":{"start":{"line":20,"column":1},"end":{"line":20,"column":null}},"loc":{"start":{"line":25,"column":67},"end":{"line":29,"column":2}}},"1":{"name":"(anonymous_13)","decl":{"start":{"line":31,"column":1},"end":{"line":31,"column":14}},"loc":{"start":{"line":31,"column":14},"end":{"line":35,"column":2}}},"2":{"name":"(anonymous_14)","decl":{"start":{"line":37,"column":1},"end":{"line":37,"column":10}},"loc":{"start":{"line":37,"column":10},"end":{"line":39,"column":2}}},"3":{"name":"(anonymous_15)","decl":{"start":{"line":41,"column":1},"end":{"line":41,"column":20}},"loc":{"start":{"line":41,"column":20},"end":{"line":43,"column":2}}},"4":{"name":"(anonymous_16)","decl":{"start":{"line":45,"column":14},"end":{"line":45,"column":18}},"loc":{"start":{"line":45,"column":18},"end":{"line":52,"column":null}}},"5":{"name":"(anonymous_18)","decl":{"start":{"line":54,"column":8},"end":{"line":54,"column":13}},"loc":{"start":{"line":54,"column":13},"end":{"line":56,"column":2}}}},"branchMap":{},"s":{"0":1,"1":1,"2":1,"3":1,"4":1,"5":1,"6":1,"7":1,"8":1,"9":1,"10":1,"11":1,"12":1,"13":1,"14":1,"15":1,"16":1,"17":1,"18":1,"19":1,"20":1,"21":1,"22":1,"23":1,"24":1,"25":1,"26":1,"27":1,"28":1,"29":1,"30":1,"31":1},"f":{"0":1,"1":1,"2":1,"3":1,"4":1,"5":1},"b":{}}
,"D:\\Учеба\\FullStack\\nodejs\\практика\\nodeSNull\\dashboardApi\\src\\main.ts": {"path":"D:\\Учеба\\FullStack\\nodejs\\практика\\nodeSNull\\dashboardApi\\src\\main.ts","statementMap":{"0":{"start":{"line":1,"column":0},"end":{"line":1,"column":67}},"1":{"start":{"line":2,"column":0},"end":{"line":2,"column":28}},"2":{"start":{"line":3,"column":0},"end":{"line":3,"column":56}},"3":{"start":{"line":4,"column":0},"end":{"line":4,"column":58}},"4":{"start":{"line":5,"column":0},"end":{"line":5,"column":60}},"5":{"start":{"line":8,"column":0},"end":{"line":8,"column":56}},"6":{"start":{"line":9,"column":0},"end":{"line":9,"column":32}},"7":{"start":{"line":10,"column":0},"end":{"line":10,"column":58}},"8":{"start":{"line":12,"column":0},"end":{"line":12,"column":59}},"9":{"start":{"line":14,"column":0},"end":{"line":14,"column":52}},"10":{"start":{"line":22,"column":13},"end":{"line":31,"column":3}},"11":{"start":{"line":23,"column":1},"end":{"line":23,"column":48}},"12":{"start":{"line":24,"column":1},"end":{"line":24,"column":67}},"13":{"start":{"line":25,"column":1},"end":{"line":25,"column":65}},"14":{"start":{"line":26,"column":1},"end":{"line":26,"column":55}},"15":{"start":{"line":27,"column":1},"end":{"line":27,"column":79}},"16":{"start":{"line":28,"column":1},"end":{"line":28,"column":86}},"17":{"start":{"line":29,"column":1},"end":{"line":29,"column":79}},"18":{"start":{"line":30,"column":1},"end":{"line":30,"column":38}},"19":{"start":{"line":34,"column":22},"end":{"line":34,"column":37}},"20":{"start":{"line":35,"column":1},"end":{"line":35,"column":32}},"21":{"start":{"line":36,"column":13},"end":{"line":36,"column":53}},"22":{"start":{"line":37,"column":1},"end":{"line":37,"column":18}},"23":{"start":{"line":38,"column":1},"end":{"line":38,"column":30}},"24":{"start":{"line":41,"column":13},"end":{"line":41,"column":32}}},"fnMap":{"0":{"name":"(anonymous_7)","decl":{"start":{"line":22,"column":47},"end":{"line":22,"column":48}},"loc":{"start":{"line":22,"column":73},"end":{"line":31,"column":1}}},"1":{"name":"bootstrap","decl":{"start":{"line":33,"column":15},"end":{"line":33,"column":24}},"loc":{"start":{"line":33,"column":24},"end":{"line":39,"column":null}}}},"branchMap":{},"s":{"0":1,"1":1,"2":1,"3":1,"4":1,"5":1,"6":1,"7":1,"8":1,"9":1,"10":1,"11":1,"12":1,"13":1,"14":1,"15":1,"16":1,"17":1,"18":1,"19":1,"20":1,"21":1,"22":1,"23":1,"24":1},"f":{"0":1,"1":1},"b":{}}
,"D:\\Учеба\\FullStack\\nodejs\\практика\\nodeSNull\\dashboardApi\\src\\types.ts": {"path":"D:\\Учеба\\FullStack\\nodejs\\практика\\nodeSNull\\dashboardApi\\src\\types.ts","statementMap":{"0":{"start":{"line":1,"column":13},"end":{"line":10,"column":2}}},"fnMap":{},"branchMap":{},"s":{"0":1},"f":{},"b":{}}
,"D:\\Учеба\\FullStack\\nodejs\\практика\\nodeSNull\\dashboardApi\\src\\common\\auth.guard.ts": {"path":"D:\\Учеба\\FullStack\\nodejs\\практика\\nodeSNull\\dashboardApi\\src\\common\\auth.guard.ts","statementMap":{"0":{"start":{"line":6,"column":2},"end":{"line":8,"column":null}},"1":{"start":{"line":7,"column":3},"end":{"line":7,"column":17}},"2":{"start":{"line":9,"column":2},"end":{"line":9,"column":59}},"3":{"start":{"line":4,"column":0},"end":{"line":4,"column":13}}},"fnMap":{"0":{"name":"(anonymous_0)","decl":{"start":{"line":5,"column":1},"end":{"line":5,"column":8}},"loc":{"start":{"line":5,"column":56},"end":{"line":10,"column":2}}}},"branchMap":{"0":{"loc":{"start":{"line":6,"column":2},"end":{"line":8,"column":null}},"type":"if","locations":[{"start":{"line":6,"column":2},"end":{"line":8,"column":null}}]}},"s":{"0":2,"1":1,"2":1,"3":1},"f":{"0":2},"b":{"0":[1]}}
,"D:\\Учеба\\FullStack\\nodejs\\практика\\nodeSNull\\dashboardApi\\src\\common\\auth.middleware.ts": {"path":"D:\\Учеба\\FullStack\\nodejs\\практика\\nodeSNull\\dashboardApi\\src\\common\\auth.middleware.ts","statementMap":{"0":{"start":{"line":3,"column":0},"end":{"line":3,"column":50}},"1":{"start":{"line":14,"column":21},"end":{"line":14,"column":35}},"2":{"start":{"line":17,"column":2},"end":{"line":27,"column":null}},"3":{"start":{"line":18,"column":3},"end":{"line":24,"column":null}},"4":{"start":{"line":19,"column":20},"end":{"line":19,"column":80}},"5":{"start":{"line":20,"column":5},"end":{"line":20,"column":67}},"6":{"start":{"line":21,"column":4},"end":{"line":21,"column":11}},"7":{"start":{"line":23,"column":4},"end":{"line":23,"column":11}},"8":{"start":{"line":26,"column":3},"end":{"line":26,"column":10}},"9":{"start":{"line":13,"column":0},"end":{"line":13,"column":13}}},"fnMap":{"0":{"name":"(anonymous_0)","decl":{"start":{"line":14,"column":1},"end":{"line":14,"column":21}},"loc":{"start":{"line":14,"column":35},"end":{"line":14,"column":39}}},"1":{"name":"(anonymous_1)","decl":{"start":{"line":16,"column":1},"end":{"line":16,"column":8}},"loc":{"start":{"line":16,"column":56},"end":{"line":28,"column":2}}}},"branchMap":{"0":{"loc":{"start":{"line":17,"column":2},"end":{"line":27,"column":null}},"type":"if","locations":[{"start":{"line":17,"column":2},"end":{"line":27,"column":null}},{"start":{"line":25,"column":9},"end":{"line":27,"column":null}}]}},"s":{"0":1,"1":1,"2":5,"3":2,"4":2,"5":1,"6":1,"7":1,"8":3,"9":1},"f":{"0":1,"1":5},"b":{"0":[2,3]}}
,"D:\\Учеба\\FullStack\\nodejs\\практика\\nodeSNull\\dashboardApi\\src\\common\\base.controller.ts": {"path":"D:\\Учеба\\FullStack\\nodejs\\практика\\nodeSNull\\dashboardApi\\src\\common\\base.controller.ts","statementMap":{"0":{"start":{"line":1,"column":0},"end":{"line":1,"column":43}},"1":{"start":{"line":2,"column":0},"end":{"line":2,"column":39}},"2":{"start":{"line":5,"column":0},"end":{"line":5,"column":9}},"3":{"start":{"line":5,"column":9},"end":{"line":5,"column":33}},"4":{"start":{"line":6,"column":0},"end":{"line":6,"column":26}},"5":{"start":{"line":9,"column":7},"end":{"line":41,"column":null}},"6":{"start":{"line":11,"column":21},"end":{"line":11,"column":36}},"7":{"start":{"line":12,"column":2},"end":{"line":12,"column":26}},"8":{"start":{"line":16,"column":2},"end":{"line":16,"column":22}},"9":{"start":{"line":20,"column":2},"end":{"line":20,"column":31}},"10":{"start":{"line":21,"column":2},"end":{"line":21,"column":40}},"11":{"start":{"line":25,"column":2},"end":{"line":25,"column":41}},"12":{"start":{"line":29,"column":2},"end":{"line":29,"column":29}},"13":{"start":{"line":33,"column":2},"end":{"line":39,"column":null}},"14":{"start":{"line":34,"column":3},"end":{"line":34,"column":54}},"15":{"start":{"line":35,"column":22},"end":{"line":35,"column":70}},"16":{"start":{"line":35,"column":52},"end":{"line":35,"column":69}},"17":{"start":{"line":36,"column":19},"end":{"line":36,"column":40}},"18":{"start":{"line":37,"column":20},"end":{"line":37,"column":67}},"19":{"start":{"line":38,"column":3},"end":{"line":38,"column":51}},"20":{"start":{"line":9,"column":22},"end":{"line":41,"column":null}},"21":{"start":{"line":9,"column":22},"end":{"line":9,"column":36}}},"fnMap":{"0":{"name":"(anonymous_2)","decl":{"start":{"line":5,"column":9},"end":{"line":5,"column":15}},"loc":{"start":{"line":5,"column":9},"end":{"line":5,"column":33}}},"1":{"name":"(anonymous_3)","decl":{"start":{"line":11,"column":1},"end":{"line":11,"column":21}},"loc":{"start":{"line":11,"column":36},"end":{"line":13,"column":2}}},"2":{"name":"(anonymous_4)","decl":{"start":{"line":15,"column":1},"end":{"line":15,"column":5}},"loc":{"start":{"line":15,"column":11},"end":{"line":17,"column":2}}},"3":{"name":"(anonymous_5)","decl":{"start":{"line":19,"column":8},"end":{"line":19,"column":12}},"loc":{"start":{"line":19,"column":55},"end":{"line":22,"column":2}}},"4":{"name":"(anonymous_6)","decl":{"start":{"line":24,"column":8},"end":{"line":24,"column":10}},"loc":{"start":{"line":24,"column":39},"end":{"line":26,"column":2}}},"5":{"name":"(anonymous_7)","decl":{"start":{"line":28,"column":8},"end":{"line":28,"column":15}},"loc":{"start":{"line":28,"column":29},"end":{"line":30,"column":2}}},"6":{"name":"(anonymous_8)","decl":{"start":{"line":32,"column":11},"end":{"line":32,"column":21}},"loc":{"start":{"line":32,"column":48},"end":{"line":40,"column":2}}},"7":{"name":"(anonymous_9)","decl":{"start":{"line":35,"column":45},"end":{"line":35,"column":46}},"loc":{"start":{"line":35,"column":52},"end":{"line":35,"column":69}}}},"branchMap":{"0":{"loc":{"start":{"line":35,"column":22},"end":{"line":35,"column":70}},"type":"cond-expr","locations":[{"start":{"line":35,"column":39},"end":{"line":35,"column":41}},{"start":{"line":35,"column":39},"end":{"line":35,"column":70}}]},"1":{"loc":{"start":{"line":35,"column":22},"end":{"line":35,"column":41}},"type":"binary-expr","locations":[{"start":{"line":35,"column":22},"end":{"line":35,"column":41}},{"start":{"line":35,"column":39},"end":{"line":35,"column":41}}]},"2":{"loc":{"start":{"line":37,"column":20},"end":{"line":37,"column":67}},"type":"cond-expr","locations":[{"start":{"line":37,"column":33},"end":{"line":37,"column":57}},{"start":{"line":37,"column":60},"end":{"line":37,"column":67}}]}},"s":{"0":1,"1":1,"2":1,"3":1,"4":1,"5":1,"6":1,"7":1,"8":4,"9":2,"10":2,"11":2,"12":0,"13":1,"14":3,"15":3,"16":3,"17":3,"18":3,"19":3,"20":1,"21":1},"f":{"0":0,"1":1,"2":4,"3":2,"4":2,"5":0,"6":1,"7":3},"b":{"0":[0,3],"1":[3,3],"2":[3,0]}}
,"D:\\Учеба\\FullStack\\nodejs\\практика\\nodeSNull\\dashboardApi\\src\\common\\validate.middleware.ts": {"path":"D:\\Учеба\\FullStack\\nodejs\\практика\\nodeSNull\\dashboardApi\\src\\common\\validate.middleware.ts","statementMap":{"0":{"start":{"line":1,"column":0},"end":{"line":1,"column":84}},"1":{"start":{"line":2,"column":0},"end":{"line":2,"column":43}},"2":{"start":{"line":7,"column":21},"end":{"line":7,"column":62}},"3":{"start":{"line":9,"column":19},"end":{"line":9,"column":62}},"4":{"start":{"line":10,"column":2},"end":{"line":16,"column":5}},"5":{"start":{"line":11,"column":3},"end":{"line":15,"column":null}},"6":{"start":{"line":12,"column":4},"end":{"line":12,"column":33}},"7":{"start":{"line":14,"column":4},"end":{"line":14,"column":11}},"8":{"start":{"line":6,"column":0},"end":{"line":6,"column":13}}},"fnMap":{"0":{"name":"(anonymous_0)","decl":{"start":{"line":7,"column":1},"end":{"line":7,"column":21}},"loc":{"start":{"line":7,"column":62},"end":{"line":7,"column":66}}},"1":{"name":"(anonymous_1)","decl":{"start":{"line":8,"column":1},"end":{"line":8,"column":8}},"loc":{"start":{"line":8,"column":61},"end":{"line":17,"column":2}}},"2":{"name":"(anonymous_2)","decl":{"start":{"line":10,"column":26},"end":{"line":10,"column":27}},"loc":{"start":{"line":10,"column":37},"end":{"line":16,"column":3}}}},"branchMap":{"0":{"loc":{"start":{"line":11,"column":3},"end":{"line":15,"column":null}},"type":"if","locations":[{"start":{"line":11,"column":3},"end":{"line":15,"column":null}},{"start":{"line":13,"column":10},"end":{"line":15,"column":null}}]}},"s":{"0":1,"1":1,"2":2,"3":3,"4":3,"5":3,"6":1,"7":2,"8":1},"f":{"0":2,"1":3,"2":3},"b":{"0":[1,2]}}
,"D:\\Учеба\\FullStack\\nodejs\\практика\\nodeSNull\\dashboardApi\\src\\config\\config.service.ts": {"path":"D:\\Учеба\\FullStack\\nodejs\\практика\\nodeSNull\\dashboardApi\\src\\config\\config.service.ts","statementMap":{"0":{"start":{"line":1,"column":0},"end":{"line":1,"column":47}},"1":{"start":{"line":3,"column":0},"end":{"line":3,"column":33}},"2":{"start":{"line":7,"column":7},"end":{"line":32,"column":null}},"3":{"start":{"line":10,"column":44},"end":{"line":10,"column":59}},"4":{"start":{"line":11,"column":2},"end":{"line":11,"column":81}},"5":{"start":{"line":12,"column":2},"end":{"line":12,"column":14}},"6":{"start":{"line":16,"column":2},"end":{"line":22,"column":null}},"7":{"start":{"line":17,"column":3},"end":{"line":17,"column":59}},"8":{"start":{"line":19,"column":3},"end":{"line":21,"column":null}},"9":{"start":{"line":20,"column":4},"end":{"line":20,"column":61}},"10":{"start":{"line":26,"column":2},"end":{"line":26,"column":20}},"11":{"start":{"line":30,"column":2},"end":{"line":30,"column":42}},"12":{"start":{"line":7,"column":13},"end":{"line":32,"column":null}},"13":{"start":{"line":7,"column":13},"end":{"line":7,"column":26}}},"fnMap":{"0":{"name":"(anonymous_4)","decl":{"start":{"line":10,"column":1},"end":{"line":10,"column":14}},"loc":{"start":{"line":10,"column":59},"end":{"line":13,"column":2}}},"1":{"name":"(anonymous_5)","decl":{"start":{"line":15,"column":1},"end":{"line":15,"column":5}},"loc":{"start":{"line":15,"column":5},"end":{"line":23,"column":2}}},"2":{"name":"(anonymous_6)","decl":{"start":{"line":25,"column":1},"end":{"line":25,"column":5}},"loc":{"start":{"line":25,"column":9},"end":{"line":27,"column":2}}},"3":{"name":"(anonymous_7)","decl":{"start":{"line":29,"column":1},"end":{"line":29,"column":4}},"loc":{"start":{"line":29,"column":17},"end":{"line":31,"column":2}}}},"branchMap":{"0":{"loc":{"start":{"line":11,"column":2},"end":{"line":11,"column":80}},"type":"cond-expr","locations":[{"start":{"line":11,"column":22},"end":{"line":11,"column":59}},{"start":{"line":11,"column":64},"end":{"line":11,"column":79}}]},"1":{"loc":{"start":{"line":19,"column":3},"end":{"line":21,"column":null}},"type":"if","locations":[{"start":{"line":19,"column":3},"end":{"line":21,"column":null}}]},"2":{"loc":{"start":{"line":30,"column":9},"end":{"line":30,"column":41}},"type":"cond-expr","locations":[{"start":{"line":30,"column":26},"end":{"line":30,"column":30}},{"start":{"line":30,"column":30},"end":{"line":30,"column":41}}]},"3":{"loc":{"start":{"line":30,"column":9},"end":{"line":30,"column":30}},"type":"binary-expr","locations":[{"start":{"line":30,"column":9},"end":{"line":30,"column":30}},{"start":{"line":30,"column":26},"end":{"line":30,"column":30}}]}},"s":{"0":1,"1":1,"2":1,"3":1,"4":1,"5":1,"6":1,"7":1,"8":0,"9":0,"10":0,"11":3,"12":1,"13":1},"f":{"0":1,"1":1,"2":0,"3":3},"b":{"0":[1,0],"1":[0],"2":[3,0],"3":[3,3]}}
,"D:\\Учеба\\FullStack\\nodejs\\практика\\nodeSNull\\dashboardApi\\src\\database\\prisma.service.ts": {"path":"D:\\Учеба\\FullStack\\nodejs\\практика\\nodeSNull\\dashboardApi\\src\\database\\prisma.service.ts","statementMap":{"0":{"start":{"line":1,"column":0},"end":{"line":1,"column":57}},"1":{"start":{"line":2,"column":0},"end":{"line":2,"column":47}},"2":{"start":{"line":4,"column":0},"end":{"line":4,"column":33}},"3":{"start":{"line":7,"column":7},"end":{"line":28,"column":null}},"4":{"start":{"line":10,"column":44},"end":{"line":10,"column":59}},"5":{"start":{"line":11,"column":2},"end":{"line":11,"column":35}},"6":{"start":{"line":15,"column":2},"end":{"line":22,"column":null}},"7":{"start":{"line":16,"column":3},"end":{"line":16,"column":32}},"8":{"start":{"line":17,"column":3},"end":{"line":17,"column":46}},"9":{"start":{"line":19,"column":3},"end":{"line":21,"column":null}},"10":{"start":{"line":20,"column":4},"end":{"line":20,"column":61}},"11":{"start":{"line":26,"column":2},"end":{"line":26,"column":34}},"12":{"start":{"line":7,"column":13},"end":{"line":28,"column":null}},"13":{"start":{"line":7,"column":13},"end":{"line":7,"column":26}}},"fnMap":{"0":{"name":"(anonymous_11)","decl":{"start":{"line":10,"column":1},"end":{"line":10,"column":14}},"loc":{"start":{"line":10,"column":59},"end":{"line":12,"column":2}}},"1":{"name":"(anonymous_12)","decl":{"start":{"line":14,"column":7},"end":{"line":14,"column":14}},"loc":{"start":{"line":14,"column":14},"end":{"line":23,"column":null}}},"2":{"name":"(anonymous_14)","decl":{"start":{"line":25,"column":7},"end":{"line":25,"column":17}},"loc":{"start":{"line":25,"column":17},"end":{"line":27,"column":null}}}},"branchMap":{"0":{"loc":{"start":{"line":19,"column":3},"end":{"line":21,"column":null}},"type":"if","locations":[{"start":{"line":19,"column":3},"end":{"line":21,"column":null}}]}},"s":{"0":1,"1":1,"2":1,"3":1,"4":1,"5":1,"6":1,"7":1,"8":1,"9":0,"10":0,"11":0,"12":1,"13":1},"f":{"0":1,"1":1,"2":0},"b":{"0":[0]}}
,"D:\\Учеба\\FullStack\\nodejs\\практика\\nodeSNull\\dashboardApi\\src\\errors\\exception.filter.ts": {"path":"D:\\Учеба\\FullStack\\nodejs\\практика\\nodeSNull\\dashboardApi\\src\\errors\\exception.filter.ts","statementMap":{"0":{"start":{"line":2,"column":0},"end":{"line":2,"column":47}},"1":{"start":{"line":4,"column":0},"end":{"line":4,"column":33}},"2":{"start":{"line":6,"column":0},"end":{"line":6,"column":47}},"3":{"start":{"line":7,"column":0},"end":{"line":7,"column":26}},"4":{"start":{"line":10,"column":7},"end":{"line":21,"column":null}},"5":{"start":{"line":11,"column":44},"end":{"line":11,"column":59}},"6":{"start":{"line":13,"column":2},"end":{"line":19,"column":null}},"7":{"start":{"line":14,"column":3},"end":{"line":14,"column":82}},"8":{"start":{"line":15,"column":3},"end":{"line":15,"column":57}},"9":{"start":{"line":17,"column":3},"end":{"line":17,"column":39}},"10":{"start":{"line":18,"column":3},"end":{"line":18,"column":46}},"11":{"start":{"line":10,"column":13},"end":{"line":21,"column":null}},"12":{"start":{"line":10,"column":13},"end":{"line":10,"column":28}}},"fnMap":{"0":{"name":"(anonymous_4)","decl":{"start":{"line":11,"column":1},"end":{"line":11,"column":14}},"loc":{"start":{"line":11,"column":59},"end":{"line":11,"column":63}}},"1":{"name":"(anonymous_5)","decl":{"start":{"line":12,"column":1},"end":{"line":12,"column":6}},"loc":{"start":{"line":12,"column":78},"end":{"line":20,"column":2}}}},"branchMap":{"0":{"loc":{"start":{"line":13,"column":2},"end":{"line":19,"column":null}},"type":"if","locations":[{"start":{"line":13,"column":2},"end":{"line":19,"column":null}},{"start":{"line":16,"column":9},"end":{"line":19,"column":null}}]}},"s":{"0":1,"1":1,"2":1,"3":1,"4":1,"5":1,"6":1,"7":1,"8":1,"9":0,"10":0,"11":1,"12":1},"f":{"0":1,"1":1},"b":{"0":[1,0]}}
,"D:\\Учеба\\FullStack\\nodejs\\практика\\nodeSNull\\dashboardApi\\src\\errors\\http-error.class.ts": {"path":"D:\\Учеба\\FullStack\\nodejs\\практика\\nodeSNull\\dashboardApi\\src\\errors\\http-error.class.ts","statementMap":{"0":{"start":{"line":5,"column":2},"end":{"line":5,"column":17}},"1":{"start":{"line":6,"column":2},"end":{"line":6,"column":31}},"2":{"start":{"line":7,"column":2},"end":{"line":7,"column":25}},"3":{"start":{"line":8,"column":2},"end":{"line":8,"column":25}},"4":{"start":{"line":1,"column":0},"end":{"line":1,"column":13}}},"fnMap":{"0":{"name":"(anonymous_0)","decl":{"start":{"line":4,"column":1},"end":{"line":4,"column":13}},"loc":{"start":{"line":4,"column":66},"end":{"line":9,"column":2}}}},"branchMap":{},"s":{"0":1,"1":1,"2":1,"3":1,"4":1},"f":{"0":1},"b":{}}
,"D:\\Учеба\\FullStack\\nodejs\\практика\\nodeSNull\\dashboardApi\\src\\logger\\logger.service.ts": {"path":"D:\\Учеба\\FullStack\\nodejs\\практика\\nodeSNull\\dashboardApi\\src\\logger\\logger.service.ts","statementMap":{"0":{"start":{"line":1,"column":0},"end":{"line":1,"column":39}},"1":{"start":{"line":2,"column":0},"end":{"line":2,"column":31}},"2":{"start":{"line":4,"column":0},"end":{"line":4,"column":26}},"3":{"start":{"line":7,"column":7},"end":{"line":29,"column":null}},"4":{"start":{"line":11,"column":2},"end":{"line":14,"column":5}},"5":{"start":{"line":18,"column":2},"end":{"line":18,"column":28}},"6":{"start":{"line":23,"column":2},"end":{"line":23,"column":29}},"7":{"start":{"line":27,"column":2},"end":{"line":27,"column":28}},"8":{"start":{"line":7,"column":13},"end":{"line":29,"column":null}},"9":{"start":{"line":7,"column":13},"end":{"line":7,"column":26}}},"fnMap":{"0":{"name":"(anonymous_2)","decl":{"start":{"line":10,"column":1},"end":{"line":10,"column":13}},"loc":{"start":{"line":10,"column":28},"end":{"line":15,"column":2}}},"1":{"name":"(anonymous_3)","decl":{"start":{"line":17,"column":1},"end":{"line":17,"column":4}},"loc":{"start":{"line":17,"column":23},"end":{"line":19,"column":2}}},"2":{"name":"(anonymous_4)","decl":{"start":{"line":21,"column":1},"end":{"line":21,"column":6}},"loc":{"start":{"line":21,"column":25},"end":{"line":24,"column":2}}},"3":{"name":"(anonymous_5)","decl":{"start":{"line":26,"column":1},"end":{"line":26,"column":5}},"loc":{"start":{"line":26,"column":24},"end":{"line":28,"column":2}}}},"branchMap":{"0":{"loc":{"start":{"line":10,"column":13},"end":{"line":10,"column":28}},"type":"default-arg","locations":[{"start":{"line":10,"column":20},"end":{"line":10,"column":28}}]}},"s":{"0":1,"1":1,"2":1,"3":1,"4":5,"5":6,"6":1,"7":0,"8":1,"9":1},"f":{"0":5,"1":6,"2":1,"3":0},"b":{"0":[5]}}
,"D:\\Учеба\\FullStack\\nodejs\\практика\\nodeSNull\\dashboardApi\\src\\users\\user.entity.ts": {"path":"D:\\Учеба\\FullStack\\nodejs\\практика\\nodeSNull\\dashboardApi\\src\\users\\user.entity.ts","statementMap":{"0":{"start":{"line":1,"column":0},"end":{"line":1,"column":41}},"1":{"start":{"line":6,"column":19},"end":{"line":6,"column":33}},"2":{"start":{"line":7,"column":19},"end":{"line":7,"column":32}},"3":{"start":{"line":10,"column":2},"end":{"line":12,"column":null}},"4":{"start":{"line":11,"column":3},"end":{"line":11,"column":33}},"5":{"start":{"line":16,"column":2},"end":{"line":16,"column":21}},"6":{"start":{"line":20,"column":2},"end":{"line":20,"column":20}},"7":{"start":{"line":24,"column":2},"end":{"line":24,"column":24}},"8":{"start":{"line":28,"column":2},"end":{"line":28,"column":42}},"9":{"start":{"line":32,"column":2},"end":{"line":32,"column":39}},"10":{"start":{"line":3,"column":0},"end":{"line":3,"column":13}}},"fnMap":{"0":{"name":"(anonymous_7)","decl":{"start":{"line":5,"column":1},"end":{"line":5,"column":null}},"loc":{"start":{"line":8,"column":23},"end":{"line":13,"column":2}}},"1":{"name":"(anonymous_8)","decl":{"start":{"line":15,"column":1},"end":{"line":15,"column":5}},"loc":{"start":{"line":15,"column":10},"end":{"line":17,"column":2}}},"2":{"name":"(anonymous_9)","decl":{"start":{"line":19,"column":1},"end":{"line":19,"column":5}},"loc":{"start":{"line":19,"column":9},"end":{"line":21,"column":2}}},"3":{"name":"(anonymous_10)","decl":{"start":{"line":23,"column":1},"end":{"line":23,"column":5}},"loc":{"start":{"line":23,"column":13},"end":{"line":25,"column":2}}},"4":{"name":"(anonymous_11)","decl":{"start":{"line":27,"column":14},"end":{"line":27,"column":25}},"loc":{"start":{"line":27,"column":52},"end":{"line":29,"column":null}}},"5":{"name":"(anonymous_13)","decl":{"start":{"line":31,"column":14},"end":{"line":31,"column":29}},"loc":{"start":{"line":31,"column":42},"end":{"line":33,"column":null}}}},"branchMap":{"0":{"loc":{"start":{"line":10,"column":2},"end":{"line":12,"column":null}},"type":"if","locations":[{"start":{"line":10,"column":2},"end":{"line":12,"column":null}}]}},"s":{"0":1,"1":2,"2":2,"3":2,"4":2,"5":0,"6":0,"7":0,"8":0,"9":2,"10":1},"f":{"0":2,"1":0,"2":0,"3":0,"4":0,"5":2},"b":{"0":[2]}}
,"D:\\Учеба\\FullStack\\nodejs\\практика\\nodeSNull\\dashboardApi\\src\\users\\users.controller.ts": {"path":"D:\\Учеба\\FullStack\\nodejs\\практика\\nodeSNull\\dashboardApi\\src\\users\\users.controller.ts","statementMap":{"0":{"start":{"line":2,"column":0},"end":{"line":2,"column":47}},"1":{"start":{"line":3,"column":0},"end":{"line":3,"column":59}},"2":{"start":{"line":5,"column":0},"end":{"line":5,"column":33}},"3":{"start":{"line":6,"column":0},"end":{"line":6,"column":26}},"4":{"start":{"line":8,"column":0},"end":{"line":8,"column":52}},"5":{"start":{"line":9,"column":0},"end":{"line":9,"column":58}},"6":{"start":{"line":11,"column":0},"end":{"line":11,"column":55}},"7":{"start":{"line":12,"column":0},"end":{"line":12,"column":67}},"8":{"start":{"line":13,"column":0},"end":{"line":13,"column":36}},"9":{"start":{"line":14,"column":0},"end":{"line":14,"column":57}},"10":{"start":{"line":15,"column":0},"end":{"line":15,"column":49}},"11":{"start":{"line":18,"column":7},"end":{"line":97,"column":null}},"12":{"start":{"line":24,"column":2},"end":{"line":24,"column":23}},"13":{"start":{"line":20,"column":33},"end":{"line":20,"column":55}},"14":{"start":{"line":21,"column":37},"end":{"line":21,"column":62}},"15":{"start":{"line":22,"column":39},"end":{"line":22,"column":54}},"16":{"start":{"line":25,"column":2},"end":{"line":44,"column":5}},"17":{"start":{"line":52,"column":17},"end":{"line":52,"column":62}},"18":{"start":{"line":53,"column":2},"end":{"line":55,"column":null}},"19":{"start":{"line":54,"column":3},"end":{"line":54,"column":66}},"20":{"start":{"line":56,"column":14},"end":{"line":56,"column":82}},"21":{"start":{"line":57,"column":2},"end":{"line":57,"column":24}},"22":{"start":{"line":65,"column":17},"end":{"line":65,"column":56}},"23":{"start":{"line":66,"column":2},"end":{"line":68,"column":null}},"24":{"start":{"line":67,"column":3},"end":{"line":67,"column":72}},"25":{"start":{"line":69,"column":14},"end":{"line":69,"column":78}},"26":{"start":{"line":70,"column":2},"end":{"line":70,"column":60}},"27":{"start":{"line":78,"column":19},"end":{"line":78,"column":59}},"28":{"start":{"line":79,"column":2},"end":{"line":79,"column":61}},"29":{"start":{"line":83,"column":2},"end":{"line":95,"column":5}},"30":{"start":{"line":84,"column":3},"end":{"line":94,"column":5}},"31":{"start":{"line":89,"column":5},"end":{"line":91,"column":null}},"32":{"start":{"line":90,"column":6},"end":{"line":90,"column":18}},"33":{"start":{"line":92,"column":5},"end":{"line":92,"column":30}},"34":{"start":{"line":18,"column":13},"end":{"line":97,"column":null}},"35":{"start":{"line":18,"column":13},"end":{"line":18,"column":27}}},"fnMap":{"0":{"name":"(anonymous_11)","decl":{"start":{"line":19,"column":1},"end":{"line":19,"column":null}},"loc":{"start":{"line":22,"column":67},"end":{"line":45,"column":2}}},"1":{"name":"(anonymous_12)","decl":{"start":{"line":47,"column":7},"end":{"line":47,"column":12}},"loc":{"start":{"line":50,"column":20},"end":{"line":58,"column":null}}},"2":{"name":"(anonymous_14)","decl":{"start":{"line":60,"column":7},"end":{"line":60,"column":15}},"loc":{"start":{"line":63,"column":20},"end":{"line":71,"column":null}}},"3":{"name":"(anonymous_16)","decl":{"start":{"line":73,"column":7},"end":{"line":73,"column":11}},"loc":{"start":{"line":76,"column":20},"end":{"line":80,"column":null}}},"4":{"name":"(anonymous_18)","decl":{"start":{"line":82,"column":9},"end":{"line":82,"column":16}},"loc":{"start":{"line":82,"column":46},"end":{"line":96,"column":2}}},"5":{"name":"(anonymous_19)","decl":{"start":{"line":83,"column":29},"end":{"line":83,"column":30}},"loc":{"start":{"line":83,"column":49},"end":{"line":95,"column":3}}},"6":{"name":"(anonymous_20)","decl":{"start":{"line":88,"column":4},"end":{"line":88,"column":5}},"loc":{"start":{"line":88,"column":19},"end":{"line":93,"column":5}}}},"branchMap":{"0":{"loc":{"start":{"line":53,"column":2},"end":{"line":55,"column":null}},"type":"if","locations":[{"start":{"line":53,"column":2},"end":{"line":55,"column":null}}]},"1":{"loc":{"start":{"line":66,"column":2},"end":{"line":68,"column":null}},"type":"if","locations":[{"start":{"line":66,"column":2},"end":{"line":68,"column":null}}]},"2":{"loc":{"start":{"line":79,"column":24},"end":{"line":79,"column":39}},"type":"cond-expr","locations":[{"start":{"line":79,"column":32},"end":{"line":79,"column":34}},{"start":{"line":79,"column":24},"end":{"line":79,"column":39}}]},"3":{"loc":{"start":{"line":79,"column":24},"end":{"line":79,"column":34}},"type":"binary-expr","locations":[{"start":{"line":79,"column":24},"end":{"line":79,"column":34}},{"start":{"line":79,"column":24},"end":{"line":79,"column":34}}]},"4":{"loc":{"start":{"line":79,"column":45},"end":{"line":79,"column":57}},"type":"cond-expr","locations":[{"start":{"line":79,"column":53},"end":{"line":79,"column":55}},{"start":{"line":79,"column":45},"end":{"line":79,"column":57}}]},"5":{"loc":{"start":{"line":79,"column":45},"end":{"line":79,"column":55}},"type":"binary-expr","locations":[{"start":{"line":79,"column":45},"end":{"line":79,"column":55}},{"start":{"line":79,"column":45},"end":{"line":79,"column":55}}]},"6":{"loc":{"start":{"line":89,"column":5},"end":{"line":91,"column":null}},"type":"if","locations":[{"start":{"line":89,"column":5},"end":{"line":91,"column":null}}]}},"s":{"0":1,"1":1,"2":1,"3":1,"4":1,"5":1,"6":1,"7":1,"8":1,"9":1,"10":1,"11":1,"12":1,"13":1,"14":1,"15":1,"16":1,"17":2,"18":2,"19":1,"20":1,"21":1,"22":0,"23":0,"24":0,"25":0,"26":0,"27":1,"28":1,"29":1,"30":1,"31":1,"32":0,"33":1,"34":1,"35":1},"f":{"0":1,"1":2,"2":0,"3":1,"4":1,"5":1,"6":1},"b":{"0":[1],"1":[0],"2":[0,1],"3":[1,1],"4":[0,1],"5":[1,1],"6":[0]}}
,"D:\\Учеба\\FullStack\\nodejs\\практика\\nodeSNull\\dashboardApi\\src\\users\\users.repository.ts": {"path":"D:\\Учеба\\FullStack\\nodejs\\практика\\nodeSNull\\dashboardApi\\src\\users\\users.repository.ts","statementMap":{"0":{"start":{"line":2,"column":0},"end":{"line":2,"column":47}},"1":{"start":{"line":3,"column":0},"end":{"line":3,"column":59}},"2":{"start":{"line":4,"column":0},"end":{"line":4,"column":33}},"3":{"start":{"line":9,"column":7},"end":{"line":29,"column":null}},"4":{"start":{"line":10,"column":50},"end":{"line":10,"column":65}},"5":{"start":{"line":13,"column":2},"end":{"line":19,"column":5}},"6":{"start":{"line":23,"column":2},"end":{"line":27,"column":5}},"7":{"start":{"line":9,"column":13},"end":{"line":29,"column":null}},"8":{"start":{"line":9,"column":13},"end":{"line":9,"column":28}}},"fnMap":{"0":{"name":"(anonymous_11)","decl":{"start":{"line":10,"column":1},"end":{"line":10,"column":14}},"loc":{"start":{"line":10,"column":78},"end":{"line":10,"column":82}}},"1":{"name":"(anonymous_12)","decl":{"start":{"line":12,"column":7},"end":{"line":12,"column":13}},"loc":{"start":{"line":12,"column":45},"end":{"line":20,"column":null}}},"2":{"name":"(anonymous_14)","decl":{"start":{"line":22,"column":7},"end":{"line":22,"column":11}},"loc":{"start":{"line":22,"column":25},"end":{"line":28,"column":null}}}},"branchMap":{},"s":{"0":1,"1":1,"2":1,"3":1,"4":1,"5":0,"6":3,"7":1,"8":1},"f":{"0":1,"1":0,"2":3},"b":{}}
,"D:\\Учеба\\FullStack\\nodejs\\практика\\nodeSNull\\dashboardApi\\src\\users\\users.service.ts": {"path":"D:\\Учеба\\FullStack\\nodejs\\практика\\nodeSNull\\dashboardApi\\src\\users\\users.service.ts","statementMap":{"0":{"start":{"line":2,"column":0},"end":{"line":2,"column":47}},"1":{"start":{"line":3,"column":0},"end":{"line":3,"column":57}},"2":{"start":{"line":4,"column":0},"end":{"line":4,"column":33}},"3":{"start":{"line":7,"column":0},"end":{"line":7,"column":37}},"4":{"start":{"line":12,"column":7},"end":{"line":40,"column":null}},"5":{"start":{"line":14,"column":41},"end":{"line":14,"column":74}},"6":{"start":{"line":15,"column":39},"end":{"line":15,"column":54}},"7":{"start":{"line":18,"column":18},"end":{"line":18,"column":39}},"8":{"start":{"line":19,"column":15},"end":{"line":19,"column":38}},"9":{"start":{"line":20,"column":2},"end":{"line":20,"column":52}},"10":{"start":{"line":21,"column":22},"end":{"line":21,"column":60}},"11":{"start":{"line":22,"column":2},"end":{"line":24,"column":null}},"12":{"start":{"line":23,"column":3},"end":{"line":23,"column":15}},"13":{"start":{"line":25,"column":2},"end":{"line":25,"column":46}},"14":{"start":{"line":29,"column":22},"end":{"line":29,"column":60}},"15":{"start":{"line":30,"column":2},"end":{"line":32,"column":null}},"16":{"start":{"line":31,"column":3},"end":{"line":31,"column":16}},"17":{"start":{"line":33,"column":18},"end":{"line":33,"column":85}},"18":{"start":{"line":34,"column":2},"end":{"line":34,"column":43}},"19":{"start":{"line":38,"column":2},"end":{"line":38,"column":42}},"20":{"start":{"line":12,"column":13},"end":{"line":40,"column":null}},"21":{"start":{"line":12,"column":13},"end":{"line":12,"column":24}}},"fnMap":{"0":{"name":"(anonymous_11)","decl":{"start":{"line":13,"column":1},"end":{"line":13,"column":null}},"loc":{"start":{"line":15,"column":67},"end":{"line":16,"column":5}}},"1":{"name":"(anonymous_12)","decl":{"start":{"line":17,"column":7},"end":{"line":17,"column":17}},"loc":{"start":{"line":17,"column":60},"end":{"line":26,"column":null}}},"2":{"name":"(anonymous_14)","decl":{"start":{"line":28,"column":7},"end":{"line":28,"column":19}},"loc":{"start":{"line":28,"column":53},"end":{"line":35,"column":null}}},"3":{"name":"(anonymous_16)","decl":{"start":{"line":37,"column":7},"end":{"line":37,"column":18}},"loc":{"start":{"line":37,"column":32},"end":{"line":39,"column":null}}}},"branchMap":{"0":{"loc":{"start":{"line":22,"column":2},"end":{"line":24,"column":null}},"type":"if","locations":[{"start":{"line":22,"column":2},"end":{"line":24,"column":null}}]},"1":{"loc":{"start":{"line":30,"column":2},"end":{"line":32,"column":null}},"type":"if","locations":[{"start":{"line":30,"column":2},"end":{"line":32,"column":null}}]}},"s":{"0":1,"1":1,"2":1,"3":1,"4":1,"5":1,"6":1,"7":0,"8":0,"9":0,"10":0,"11":0,"12":0,"13":0,"14":2,"15":2,"16":0,"17":2,"18":2,"19":1,"20":1,"21":1},"f":{"0":1,"1":0,"2":2,"3":1},"b":{"0":[0],"1":[0]}}
,"D:\\Учеба\\FullStack\\nodejs\\практика\\nodeSNull\\dashboardApi\\src\\users\\dto\\user-login.dto.ts": {"path":"D:\\Учеба\\FullStack\\nodejs\\практика\\nodeSNull\\dashboardApi\\src\\users\\dto\\user-login.dto.ts","statementMap":{"0":{"start":{"line":1,"column":0},"end":{"line":1,"column":52}},"1":{"start":{"line":4,"column":1},"end":{"line":5,"column":null}},"2":{"start":{"line":7,"column":1},"end":{"line":8,"column":null}},"3":{"start":{"line":3,"column":0},"end":{"line":3,"column":13}}},"fnMap":{},"branchMap":{},"s":{"0":1,"1":1,"2":1,"3":1},"f":{},"b":{}}
,"D:\\Учеба\\FullStack\\nodejs\\практика\\nodeSNull\\dashboardApi\\src\\users\\dto\\user-register.dto.ts": {"path":"D:\\Учеба\\FullStack\\nodejs\\практика\\nodeSNull\\dashboardApi\\src\\users\\dto\\user-register.dto.ts","statementMap":{"0":{"start":{"line":1,"column":0},"end":{"line":1,"column":52}},"1":{"start":{"line":4,"column":1},"end":{"line":5,"column":null}},"2":{"start":{"line":7,"column":1},"end":{"line":8,"column":null}},"3":{"start":{"line":10,"column":1},"end":{"line":11,"column":null}},"4":{"start":{"line":3,"column":0},"end":{"line":3,"column":13}}},"fnMap":{},"branchMap":{},"s":{"0":1,"1":1,"2":1,"3":1,"4":1},"f":{},"b":{}}
}
